


ARM Macro Assembler    Page 1 


    1 00000000         ;*******************************************************
                       ********************
    2 00000000                 THUMB
    3 00000000                 REQUIRE8
    4 00000000                 PRESERVE8
    5 00000000         
    6 00000000         ;*******************************************************
                       *******************
    7 00000000         ;  Fichier FonctionEtape2.asm
    8 00000000         ; Auteur : HOLMES Emily, RIST Samuel
    9 00000000         ; Date :  12/11/2013
   10 00000000         
   11 00000000         ; Fonctions:
   12 00000000         ; Set et Reset SCLK et SIN
   13 00000000         ; Allumer LED selon barette (différents passages d'argum
                       ents)
   14 00000000         ; Temporiser N ms
   15 00000000         
   16 00000000         ;*******************************************************
                       *******************
   17 00000000         
   18 00000000         ;***************IMPORT/EXPORT***************************
                       *******************
   19 00000000         
   20 00000000                 EXPORT           DriverGlobal
   21 00000000                 EXPORT           DriverReg
   22 00000000                 EXPORT           DriverPile
   23 00000000                 EXPORT           Tempo
   24 00000000         
   25 00000000                 IMPORT           Barette1
   26 00000000                 IMPORT           Barette2
   27 00000000                 IMPORT           DataSend
   28 00000000         
   29 00000000         ;*******************************************************
                       *******************
   30 00000000         
   31 00000000         
   32 00000000         
   33 00000000         ;***************CONSTANTES******************************
                       *******************
   34 00000000         
   35 00000000         
   36 00000000         
   37 00000000         ;*******************************************************
                       *******************
   38 00000000         
   39 00000000         
   40 00000000         ;***************VARIABLES*******************************
                       *******************
   41 00000000                 AREA             MesDonnees, data, readwrite
   42 00000000         ;*******************************************************
                       *******************
   43 00000000         
   44 00000000 40010810 
                       PORTASET
                               EQU              0x40010810
   45 00000000 40010814 
                       PORTARESET
                               EQU              0x40010814



ARM Macro Assembler    Page 2 


   46 00000000 00000020 
                       PIN5    EQU              0x01 << 5
   47 00000000 00000080 
                       PIN7    EQU              0x01 << 7
   48 00000000         
   49 00000000         ;*******************************************************
                       *******************
   50 00000000         
   51 00000000         
   52 00000000         ;***************CODE************************************
                       *******************
   53 00000000                 AREA             moncode, code, readonly
   54 00000000         ;*******************************************************
                       *******************
   55 00000000         
   56 00000000         
   57 00000000         ;#######################################################
                       #################
   58 00000000         ; Procédure DriverGlobal
   59 00000000         ;#######################################################
                       #################
   60 00000000         ; Allume le jeu de LED donné en Barette1
   61 00000000         
   62 00000000         ; Paramètre entrant  : /
   63 00000000         ; Paramètre sortant  : /
   64 00000000         ; Variables globales : /
   65 00000000         ; Registres modifiés : R0-R3
   66 00000000         
   67 00000000         ; R0 = NbLed, DataSend
   68 00000000         ; R1 = NbBit
   69 00000000         ; R2 = Valcourante (octet de LED)
   70 00000000         ; R3 sert de masque (bit de PF à 1)
   71 00000000         ;-------------------------------------------------------
                       -----------------
   72 00000000         
   73 00000000         
   74 00000000         DriverGlobal
                               PROC
   75 00000000 B500            PUSH{R14}
   76 00000002 F7FF FFFE       BL               SetSCLK
   77 00000006 F04F 0000       MOV              R0, #0      ; R0 = NbLed = 0 
   78 0000000A         
   79 0000000A         Debutpour
   80 0000000A F04F 0100       MOV              R1, #0      ; R1 = NbBit = 1
   81 0000000E 282F            CMP              R0, #47
   82 00000010 D821            BHI              Finpour     ; Pour NbLed = 0 à 
                                                            47
   83 00000012         
   84 00000012 4A62            LDR              R2, = Barette1
   85 00000014 F812 2010       LDRB             R2, [R2, R0, LSL #1] ; R2 = Val
                                                            courante <- Barette
                                                            1[NbLed]
   86 00000018 B2D2            UXTB             R2, R2      ; Promotion de valc
                                                            ourante sur 32bits
   87 0000001A EA4F 6202       LSL              R2, R2, #24 ; Valcourante << 24
                                                            
   88 0000001E         
   89 0000001E         Debutpour2
   90 0000001E 290B            CMP              R1, #11



ARM Macro Assembler    Page 3 


   91 00000020 D816            BHI              Finpour2    ; Pour Nbbit = 0 à 
                                                            11
   92 00000022         
   93 00000022 F7FF FFFE       BL               ResetSCLK
   94 00000026 F04F 0301       MOV              R3, #1
   95 0000002A EA4F 73C3       LSL              R3, R3, #31 ; Mettre à 1 le bit
                                                             de PF
   96 0000002E EA03 0302       AND              R3, R3, R2
   97 00000032         
   98 00000032 F1B3 4F00       CMP              R3, #0x80000000
   99 00000036 D102            BNE              Sinon       ; Pf(Valcourante) =
                                                             1
  100 00000038         
  101 00000038 F7FF FFFE       BL               SetSIN
  102 0000003C E001            B                FinSi
  103 0000003E         
  104 0000003E F7FF FFFE 
                       Sinon   BL               ResetSIN
  105 00000042         
  106 00000042 EA4F 0242 
                       FinSi   LSL              R2, R2, #1  ; Valcourante << 1
  107 00000046 F7FF FFFE       BL               SetSCLK
  108 0000004A F101 0101       ADD              R1, #1
  109 0000004E E7E6            B                Debutpour2
  110 00000050         
  111 00000050         Finpour2
  112 00000050 F100 0001       ADD              R0, #1
  113 00000054 E7D9            B                Debutpour
  114 00000056         Finpour
  115 00000056 F7FF FFFE       BL               ResetSCLK
  116 0000005A F04F 0100       MOV              R1, #0
  117 0000005E 4850            LDR              R0, = DataSend
  118 00000060 6001            STR              R1, [R0]
  119 00000062 F85D EB04       POP              {R14}
  120 00000066 4770            BX               LR
  121 00000068                 ENDP
  122 00000068         
  123 00000068         ;#######################################################
                       #################
  124 00000068         ; Procédure DriverReg
  125 00000068         ;#######################################################
                       #################
  126 00000068         ; Affiche une barette de LED, argument passé par référen
                       ce
  127 00000068         
  128 00000068         ; Paramètre entrant  : R0
  129 00000068         ; Paramètre sortant  : /
  130 00000068         ; Variables globales : /
  131 00000068         ; Registres modifiés : R1-R4
  132 00000068         
  133 00000068         ; R0 = Adresse de la barette de LED à afficher
  134 00000068         ; R1 = NbBit
  135 00000068         ; R2 = Valcourante (octet de LED)
  136 00000068         ; R3 sert de masque (bit de PF à 1)
  137 00000068         ; R4 = NbLed
  138 00000068         ;-------------------------------------------------------
                       -----------------
  139 00000068         
  140 00000068         



ARM Macro Assembler    Page 4 


  141 00000068         DriverReg
                               PROC
  142 00000068 B51F            PUSH{R0-R4,      R14}
  143 0000006A F7FF FFFE       BL               SetSCLK
  144 0000006E F04F 0400       MOV              R4, #0      ; R4 = NbLed = 0 
  145 00000072         
  146 00000072         RegDebutpour
  147 00000072 F04F 0100       MOV              R1, #0      ; R1 = NbBit = 1
  148 00000076 2C2F            CMP              R4, #47
  149 00000078 D820            BHI              RegFinpour  ; Pour NbLed = 0 à 
                                                            47
  150 0000007A         
  151 0000007A F810 2014       LDRB             R2, [R0, R4, LSL #1] ; R2 = Val
                                                            courante <- Barette
                                                            1[NbLed]
  152 0000007E B2D2            UXTB             R2, R2      ; Promotion de valc
                                                            ourante sur 32bits
  153 00000080 EA4F 6202       LSL              R2, R2, #24 ; Valcourante << 24
                                                            
  154 00000084         
  155 00000084         RegDebutpour2
  156 00000084 290B            CMP              R1, #11
  157 00000086 D816            BHI              RegFinpour2 ; Pour Nbbit = 0 à 
                                                            11
  158 00000088         
  159 00000088 F7FF FFFE       BL               ResetSCLK
  160 0000008C F04F 0301       MOV              R3, #1
  161 00000090 EA4F 73C3       LSL              R3, R3, #31 ; Mettre à 1 le bit
                                                             de PF dans R3
  162 00000094 EA03 0302       AND              R3, R3, R2
  163 00000098         
  164 00000098 F1B3 4F00       CMP              R3, #0x80000000
  165 0000009C D102            BNE              RegSinon    ; Pf(Valcourante) =
                                                             1
  166 0000009E         
  167 0000009E F7FF FFFE       BL               SetSIN
  168 000000A2 E001            B                RegFinSi
  169 000000A4         
  170 000000A4 F7FF FFFE 
                       RegSinon
                               BL               ResetSIN
  171 000000A8         
  172 000000A8 EA4F 0242 
                       RegFinSi
                               LSL              R2, R2, #1  ; Valcourante << 1
  173 000000AC F7FF FFFE       BL               SetSCLK
  174 000000B0 F101 0101       ADD              R1, #1
  175 000000B4 E7E6            B                RegDebutpour2
  176 000000B6         
  177 000000B6         RegFinpour2
  178 000000B6 F104 0401       ADD              R4, #1
  179 000000BA E7DA            B                RegDebutpour
  180 000000BC         RegFinpour
  181 000000BC F7FF FFFE       BL               ResetSCLK
  182 000000C0 F04F 0100       MOV              R1, #0
  183 000000C4 4C36            LDR              R4, = DataSend
  184 000000C6 6021            STR              R1, [R4]
  185 000000C8 E8BD 401F       POP              {R0-R4, R14}
  186 000000CC 4770            BX               LR



ARM Macro Assembler    Page 5 


  187 000000CE                 ENDP
  188 000000CE         
  189 000000CE         ;#######################################################
                       #################
  190 000000CE         ; Procédure DriverPile
  191 000000CE         ;#######################################################
                       #################
  192 000000CE         ; Affiche une barette de LED, argument passé par la pile
                        système
  193 000000CE         
  194 000000CE         ; Paramètre entrant  : R0 (pile systeme)
  195 000000CE         ; Paramètre sortant  : /
  196 000000CE         ; Variables globales : /
  197 000000CE         ; Registres modifiés : R1-R4, R7
  198 000000CE         
  199 000000CE         ; R0 = Adresse de la barette de LED à afficher
  200 000000CE         ; R1 = NbBit
  201 000000CE         ; R2 = Valcourante (octet de LED)
  202 000000CE         ; R3 sert de masque (bit de PF à 1)
  203 000000CE         ; R4 = NbLed
  204 000000CE         ; R7 = enregistre SP avant pile système
  205 000000CE         ;-------------------------------------------------------
                       -----------------
  206 000000CE         
  207 000000CE         
  208 000000CE         DriverPile
                               PROC
  209 000000CE B480            PUSH             {R7}
  210 000000D0 466F            MOV              R7, SP
  211 000000D2         
  212 000000D2 B51F            PUSH{R0-R4,      R14}
  213 000000D4         
  214 000000D4 6878            LDR              R0, [R7, #4]
  215 000000D6         
  216 000000D6 F7FF FFFE       BL               SetSCLK
  217 000000DA F04F 0400       MOV              R4, #0      ; R4 = NbLed = 0 
  218 000000DE         
  219 000000DE         PileDebutpour
  220 000000DE F04F 0100       MOV              R1, #0      ; R1 = NbBit = 1
  221 000000E2 2C2F            CMP              R4, #47
  222 000000E4 D820            BHI              PileFinpour ; Pour NbLed = 0 à 
                                                            47
  223 000000E6         
  224 000000E6 F810 2014       LDRB             R2, [R0, R4, LSL #1] ; R2 = Val
                                                            courante <- Barette
                                                            1[NbLed]
  225 000000EA B2D2            UXTB             R2, R2      ; Promotion de valc
                                                            ourante sur 32bits
  226 000000EC EA4F 6202       LSL              R2, R2, #24 ; Valcourante << 24
                                                            
  227 000000F0         
  228 000000F0         PileDebutpour2
  229 000000F0 290B            CMP              R1, #11
  230 000000F2 D816            BHI              PileFinpour2 ; Pour Nbbit = 0 à
                                                             11
  231 000000F4         
  232 000000F4 F7FF FFFE       BL               ResetSCLK
  233 000000F8 F04F 0301       MOV              R3, #1
  234 000000FC EA4F 73C3       LSL              R3, R3, #31 ; Mettre à 1 le bit



ARM Macro Assembler    Page 6 


                                                             de PF dans R3
  235 00000100 EA03 0302       AND              R3, R3, R2
  236 00000104         
  237 00000104 F1B3 4F00       CMP              R3, #0x80000000
  238 00000108 D102            BNE              PileSinon   ; Pf(Valcourante) =
                                                             1
  239 0000010A         
  240 0000010A F7FF FFFE       BL               SetSIN
  241 0000010E E001            B                PileFinSi
  242 00000110         
  243 00000110 F7FF FFFE 
                       PileSinon
                               BL               ResetSIN
  244 00000114         
  245 00000114 EA4F 0242 
                       PileFinSi
                               LSL              R2, R2, #1  ; Valcourante << 1
  246 00000118 F7FF FFFE       BL               SetSCLK
  247 0000011C F101 0101       ADD              R1, #1
  248 00000120 E7E6            B                PileDebutpour2
  249 00000122         
  250 00000122         PileFinpour2
  251 00000122 F104 0401       ADD              R4, #1
  252 00000126 E7DA            B                PileDebutpour
  253 00000128         PileFinpour
  254 00000128 F7FF FFFE       BL               ResetSCLK
  255 0000012C F04F 0100       MOV              R1, #0
  256 00000130 4C1B            LDR              R4, = DataSend
  257 00000132 6021            STR              R1, [R4]
  258 00000134 E8BD 401F       POP              {R0-R4, R14}
  259 00000138 BC80            POP              {R7}
  260 0000013A 4770            BX               LR
  261 0000013C                 ENDP
  262 0000013C         
  263 0000013C         
  264 0000013C         ;#######################################################
                       #################
  265 0000013C         ; Procédure Tempo
  266 0000013C         ;#######################################################
                       #################
  267 0000013C         ; Temporiser pendant N ms
  268 0000013C         ; Paramètre entrant  : R0
  269 0000013C         ; Paramètre sortant  : /
  270 0000013C         ; Variables globales : /
  271 0000013C         ; Registres modifiés : R1, R2
  272 0000013C         
  273 0000013C         ; R0 = N
  274 0000013C         ; NOP répété R1 fois pour attendre 0.1ms
  275 0000013C         ; R2 = 10N 
  276 0000013C         
  277 0000013C         ;-------------------------------------------------------
                       -----------------
  278 0000013C         
  279 0000013C         Tempo   PROC
  280 0000013C B406            PUSH{R1-R2}
  281 0000013E F04F 020A       MOV              R2, #10
  282 00000142 FB02 F200       MUL              R2, R0      ; R2 = 10N (R0=N)
  283 00000146         
  284 00000146         TDebutpour2



ARM Macro Assembler    Page 7 


  285 00000146 F44F 717A       MOV              R1, #1000
  286 0000014A 2A00            CMP              R2, #0
  287 0000014C D008            BEQ              TFinpour2
  288 0000014E         
  289 0000014E         TDebutpour                           ; Boucle de 0.1ms
  290 0000014E 2900            CMP              R1, #0
  291 00000150 D003            BEQ              TFinpour
  292 00000152         
  293 00000152 BF00            NOP
  294 00000154 F1A1 0101       SUB              R1, #1
  295 00000158 E7F9            B                TDebutpour
  296 0000015A         
  297 0000015A         TFinpour                             ; Fin boucle de 0.1
                                                            ms
  298 0000015A F1A2 0201       SUB              R2, #1
  299 0000015E E7F2            B                TDebutpour2
  300 00000160         
  301 00000160         TFinpour2
  302 00000160 BC06            POP              {R1-R2}
  303 00000162 4770            BX               LR
  304 00000164                 ENDP
  305 00000164         
  306 00000164         
  307 00000164         
  308 00000164         ;#######################################################
                       #################
  309 00000164         ; Procédure SetSCLK, ResetSCLK
  310 00000164         ;#######################################################
                       #################
  311 00000164         ; Set ou reset la clock SCLK pour valider la réception p
                       ar le circuit
  312 00000164         
  313 00000164         ; Paramètre entrant  : /
  314 00000164         ; Paramètre sortant  : /
  315 00000164         ; Variables globales : /
  316 00000164         ; Registres modifiés : R0, R1
  317 00000164         
  318 00000164         ; R0 = Adresse PortASet ou PortAReset
  319 00000164         ; R1 = Pin concerné (pin5)
  320 00000164         
  321 00000164         ;-------------------------------------------------------
                       -----------------
  322 00000164         
  323 00000164         
  324 00000164         SetSCLK PROC
  325 00000164 B403            PUSH             {R0-R1}
  326 00000166 480F            LDR              R0, = PORTASET
  327 00000168 F04F 0120       LDR              R1, = PIN5
  328 0000016C 6001            STR              R1, [R0]
  329 0000016E BC03            POP              {R0-R1}
  330 00000170 4770            BX               LR
  331 00000172                 ENDP
  332 00000172         
  333 00000172         
  334 00000172         ResetSCLK
                               PROC
  335 00000172 B403            PUSH             {R0-R1}
  336 00000174 480C            LDR              R0, = PORTARESET
  337 00000176 F04F 0120       LDR              R1, = PIN5



ARM Macro Assembler    Page 8 


  338 0000017A 6001            STR              R1, [R0]
  339 0000017C BC03            POP              {R0-R1}
  340 0000017E 4770            BX               LR
  341 00000180                 ENDP
  342 00000180         
  343 00000180         
  344 00000180         ;#######################################################
                       #################
  345 00000180         ; Procédure SetSIN, ResetSIN
  346 00000180         ;#######################################################
                       #################
  347 00000180         ; Set ou Reset le SIN (envoyer valeurs des 16 leds)
  348 00000180         
  349 00000180         ; Paramètre entrant  : /
  350 00000180         ; Paramètre sortant  : /
  351 00000180         ; Variables globales : /
  352 00000180         ; Registres modifiés : R0, R1
  353 00000180         
  354 00000180         ; R0 = Adresse PortASet ou PortAReset
  355 00000180         ; R1 = Pin concerné (pin7)
  356 00000180         ;-------------------------------------------------------
                       -----------------
  357 00000180         
  358 00000180         SetSIN  PROC
  359 00000180 B403            PUSH             {R0-R1}
  360 00000182 4808            LDR              R0, = PORTASET
  361 00000184 F04F 0180       LDR              R1, = PIN7
  362 00000188 6001            STR              R1, [R0]
  363 0000018A BC03            POP              {R0-R1}
  364 0000018C 4770            BX               LR
  365 0000018E                 ENDP
  366 0000018E         
  367 0000018E         
  368 0000018E         ResetSIN
                               PROC
  369 0000018E B403            PUSH             {R0-R1}
  370 00000190 4805            LDR              R0, = PORTARESET
  371 00000192 F04F 0180       LDR              R1, = PIN7
  372 00000196 6001            STR              R1, [R0]
  373 00000198 BC03            POP              {R0-R1}
  374 0000019A 4770            BX               LR
  375 0000019C                 ENDP
  376 0000019C         
  377 0000019C         ;*******************************************************
                       *******************
  378 0000019C                 END
              00000000 
              00000000 
              40010810 
              40010814 
Command Line: --debug --xref --diag_suppress=9931 --cpu=Cortex-M3 --apcs=interw
ork --depend=.\objects\fonctionetape2.d -o.\objects\fonctionetape2.o -I.\RTE\De
vice\STM32F107VC -I.\RTE\_R_el -IC:\Programdata\Keil\Arm\Packs\ARM\CMSIS\5.7.0\
CMSIS\Core\Include -IC:\Programdata\Keil\Arm\Packs\Keil\STM32F1xx_DFP\2.3.0\Dev
ice\Include --predefine="__EVAL SETA 1" --predefine="__MICROLIB SETA 1" --prede
fine="__UVISION_VERSION SETA 534" --predefine="_RTE_ SETA 1" --predefine="STM32
F10X_CL SETA 1" --predefine="_RTE_ SETA 1" --predefine="STM32F10X_CL SETA 1" --
list=.\listings\fonctionetape2.lst FonctionEtape2.asm



ARM Macro Assembler    Page 1 Alphabetic symbol ordering
Relocatable symbols

MesDonnees 00000000

Symbol: MesDonnees
   Definitions
      At line 41 in file FonctionEtape2.asm
   Uses
      None
Comment: MesDonnees unused
1 symbol



ARM Macro Assembler    Page 1 Alphabetic symbol ordering
Relocatable symbols

Debutpour 0000000A

Symbol: Debutpour
   Definitions
      At line 79 in file FonctionEtape2.asm
   Uses
      At line 113 in file FonctionEtape2.asm
Comment: Debutpour used once
Debutpour2 0000001E

Symbol: Debutpour2
   Definitions
      At line 89 in file FonctionEtape2.asm
   Uses
      At line 109 in file FonctionEtape2.asm
Comment: Debutpour2 used once
DriverGlobal 00000000

Symbol: DriverGlobal
   Definitions
      At line 74 in file FonctionEtape2.asm
   Uses
      At line 20 in file FonctionEtape2.asm
Comment: DriverGlobal used once
DriverPile 000000CE

Symbol: DriverPile
   Definitions
      At line 208 in file FonctionEtape2.asm
   Uses
      At line 22 in file FonctionEtape2.asm
Comment: DriverPile used once
DriverReg 00000068

Symbol: DriverReg
   Definitions
      At line 141 in file FonctionEtape2.asm
   Uses
      At line 21 in file FonctionEtape2.asm
Comment: DriverReg used once
FinSi 00000042

Symbol: FinSi
   Definitions
      At line 106 in file FonctionEtape2.asm
   Uses
      At line 102 in file FonctionEtape2.asm
Comment: FinSi used once
Finpour 00000056

Symbol: Finpour
   Definitions
      At line 114 in file FonctionEtape2.asm
   Uses
      At line 82 in file FonctionEtape2.asm
Comment: Finpour used once
Finpour2 00000050

Symbol: Finpour2



ARM Macro Assembler    Page 2 Alphabetic symbol ordering
Relocatable symbols

   Definitions
      At line 111 in file FonctionEtape2.asm
   Uses
      At line 91 in file FonctionEtape2.asm
Comment: Finpour2 used once
PileDebutpour 000000DE

Symbol: PileDebutpour
   Definitions
      At line 219 in file FonctionEtape2.asm
   Uses
      At line 252 in file FonctionEtape2.asm
Comment: PileDebutpour used once
PileDebutpour2 000000F0

Symbol: PileDebutpour2
   Definitions
      At line 228 in file FonctionEtape2.asm
   Uses
      At line 248 in file FonctionEtape2.asm
Comment: PileDebutpour2 used once
PileFinSi 00000114

Symbol: PileFinSi
   Definitions
      At line 245 in file FonctionEtape2.asm
   Uses
      At line 241 in file FonctionEtape2.asm
Comment: PileFinSi used once
PileFinpour 00000128

Symbol: PileFinpour
   Definitions
      At line 253 in file FonctionEtape2.asm
   Uses
      At line 222 in file FonctionEtape2.asm
Comment: PileFinpour used once
PileFinpour2 00000122

Symbol: PileFinpour2
   Definitions
      At line 250 in file FonctionEtape2.asm
   Uses
      At line 230 in file FonctionEtape2.asm
Comment: PileFinpour2 used once
PileSinon 00000110

Symbol: PileSinon
   Definitions
      At line 243 in file FonctionEtape2.asm
   Uses
      At line 238 in file FonctionEtape2.asm
Comment: PileSinon used once
RegDebutpour 00000072

Symbol: RegDebutpour
   Definitions
      At line 146 in file FonctionEtape2.asm
   Uses



ARM Macro Assembler    Page 3 Alphabetic symbol ordering
Relocatable symbols

      At line 179 in file FonctionEtape2.asm
Comment: RegDebutpour used once
RegDebutpour2 00000084

Symbol: RegDebutpour2
   Definitions
      At line 155 in file FonctionEtape2.asm
   Uses
      At line 175 in file FonctionEtape2.asm
Comment: RegDebutpour2 used once
RegFinSi 000000A8

Symbol: RegFinSi
   Definitions
      At line 172 in file FonctionEtape2.asm
   Uses
      At line 168 in file FonctionEtape2.asm
Comment: RegFinSi used once
RegFinpour 000000BC

Symbol: RegFinpour
   Definitions
      At line 180 in file FonctionEtape2.asm
   Uses
      At line 149 in file FonctionEtape2.asm
Comment: RegFinpour used once
RegFinpour2 000000B6

Symbol: RegFinpour2
   Definitions
      At line 177 in file FonctionEtape2.asm
   Uses
      At line 157 in file FonctionEtape2.asm
Comment: RegFinpour2 used once
RegSinon 000000A4

Symbol: RegSinon
   Definitions
      At line 170 in file FonctionEtape2.asm
   Uses
      At line 165 in file FonctionEtape2.asm
Comment: RegSinon used once
ResetSCLK 00000172

Symbol: ResetSCLK
   Definitions
      At line 334 in file FonctionEtape2.asm
   Uses
      At line 93 in file FonctionEtape2.asm
      At line 115 in file FonctionEtape2.asm
      At line 159 in file FonctionEtape2.asm
      At line 181 in file FonctionEtape2.asm
      At line 232 in file FonctionEtape2.asm
      At line 254 in file FonctionEtape2.asm

ResetSIN 0000018E

Symbol: ResetSIN
   Definitions



ARM Macro Assembler    Page 4 Alphabetic symbol ordering
Relocatable symbols

      At line 368 in file FonctionEtape2.asm
   Uses
      At line 104 in file FonctionEtape2.asm
      At line 170 in file FonctionEtape2.asm
      At line 243 in file FonctionEtape2.asm

SetSCLK 00000164

Symbol: SetSCLK
   Definitions
      At line 324 in file FonctionEtape2.asm
   Uses
      At line 76 in file FonctionEtape2.asm
      At line 107 in file FonctionEtape2.asm
      At line 143 in file FonctionEtape2.asm
      At line 173 in file FonctionEtape2.asm
      At line 216 in file FonctionEtape2.asm
      At line 246 in file FonctionEtape2.asm

SetSIN 00000180

Symbol: SetSIN
   Definitions
      At line 358 in file FonctionEtape2.asm
   Uses
      At line 101 in file FonctionEtape2.asm
      At line 167 in file FonctionEtape2.asm
      At line 240 in file FonctionEtape2.asm

Sinon 0000003E

Symbol: Sinon
   Definitions
      At line 104 in file FonctionEtape2.asm
   Uses
      At line 99 in file FonctionEtape2.asm
Comment: Sinon used once
TDebutpour 0000014E

Symbol: TDebutpour
   Definitions
      At line 289 in file FonctionEtape2.asm
   Uses
      At line 295 in file FonctionEtape2.asm
Comment: TDebutpour used once
TDebutpour2 00000146

Symbol: TDebutpour2
   Definitions
      At line 284 in file FonctionEtape2.asm
   Uses
      At line 299 in file FonctionEtape2.asm
Comment: TDebutpour2 used once
TFinpour 0000015A

Symbol: TFinpour
   Definitions
      At line 297 in file FonctionEtape2.asm
   Uses



ARM Macro Assembler    Page 5 Alphabetic symbol ordering
Relocatable symbols

      At line 291 in file FonctionEtape2.asm
Comment: TFinpour used once
TFinpour2 00000160

Symbol: TFinpour2
   Definitions
      At line 301 in file FonctionEtape2.asm
   Uses
      At line 287 in file FonctionEtape2.asm
Comment: TFinpour2 used once
Tempo 0000013C

Symbol: Tempo
   Definitions
      At line 279 in file FonctionEtape2.asm
   Uses
      At line 23 in file FonctionEtape2.asm
Comment: Tempo used once
moncode 00000000

Symbol: moncode
   Definitions
      At line 53 in file FonctionEtape2.asm
   Uses
      None
Comment: moncode unused
31 symbols



ARM Macro Assembler    Page 1 Alphabetic symbol ordering
Absolute symbols

PIN5 00000020

Symbol: PIN5
   Definitions
      At line 46 in file FonctionEtape2.asm
   Uses
      At line 327 in file FonctionEtape2.asm
      At line 337 in file FonctionEtape2.asm

PIN7 00000080

Symbol: PIN7
   Definitions
      At line 47 in file FonctionEtape2.asm
   Uses
      At line 361 in file FonctionEtape2.asm
      At line 371 in file FonctionEtape2.asm

PORTARESET 40010814

Symbol: PORTARESET
   Definitions
      At line 45 in file FonctionEtape2.asm
   Uses
      At line 336 in file FonctionEtape2.asm
      At line 370 in file FonctionEtape2.asm

PORTASET 40010810

Symbol: PORTASET
   Definitions
      At line 44 in file FonctionEtape2.asm
   Uses
      At line 326 in file FonctionEtape2.asm
      At line 360 in file FonctionEtape2.asm

4 symbols



ARM Macro Assembler    Page 1 Alphabetic symbol ordering
External symbols

Barette1 00000000

Symbol: Barette1
   Definitions
      At line 25 in file FonctionEtape2.asm
   Uses
      At line 84 in file FonctionEtape2.asm
Comment: Barette1 used once
Barette2 00000000

Symbol: Barette2
   Definitions
      At line 26 in file FonctionEtape2.asm
   Uses
      None
Comment: Barette2 unused
DataSend 00000000

Symbol: DataSend
   Definitions
      At line 27 in file FonctionEtape2.asm
   Uses
      At line 117 in file FonctionEtape2.asm
      At line 183 in file FonctionEtape2.asm
      At line 256 in file FonctionEtape2.asm

3 symbols
376 symbols in table
