


ARM Macro Assembler    Page 1 


    1 00000000         ;*******************************************************
                       *****************
    2 00000000         ; AUTEURS: HOLMES Emily, RIST Samuel
    3 00000000         ; Date de création: 22/03/2022
    4 00000000         ; Derniere modification: 29/03/2022
    5 00000000         
    6 00000000         ; PROGRAMME: 
    7 00000000         ; Alterner entre 2 barettes M fois ou jusqu'à ce que le 
                       capteur soit activé
    8 00000000         
    9 00000000         ; AUTRES FICHIERS: 
   10 00000000         ; FonctionEtape2.asm : définition des fonctions
   11 00000000         ; Lumiere.asm : définition des jeux de barettes
   12 00000000         
   13 00000000         ;*******************************************************
                       *****************
   14 00000000                 THUMB
   15 00000000                 REQUIRE8
   16 00000000                 PRESERVE8
   17 00000000         ;*******************************************************
                       *****************
   18 00000000         
   19 00000000                 include          REG_UTILES.inc
    1 00000000         
    2 00000000         ;**************************************
    3 00000000         ;     Les adresess utiles  
    4 00000000         ;***************************************
    5 00000000         
    6 00000000         
    7 00000000         ;**************************************
    8 00000000         ;     Affectation des bits GPIO  
    9 00000000         ;***************************************
   10 00000000         ; GSLCK..... PA0 
   11 00000000         ; DSPRG..... PA1 
   12 00000000         ; BLANK..... PA2 
   13 00000000         ; XLAT...... PA3
   14 00000000         ; VPRG...... PA4
   15 00000000         ; SCLK...... PA5
   16 00000000         ; SIN1...... PA7
   17 00000000         ;Capteur.....PA8
   18 00000000         
   19 00000000         ;LED.........PB10
   20 00000000         ;****************************************/
   21 00000000         
   22 00000000         
   23 00000000         
   24 00000000 40010800 
                       GPIOBASEA
                               EQU              0X40010800
   25 00000000 40010C00 
                       GPIOBASEB
                               EQU              0X40010C00
   26 00000000         
   27 00000000 00000008 
                       OffsetInput
                               EQU              0x08
   28 00000000 0000000C 
                       OffsetOutput
                               EQU              0x0C



ARM Macro Assembler    Page 2 


   29 00000000 00000010 
                       OffsetSet
                               EQU              0x10
   30 00000000 00000014 
                       OffsetReset
                               EQU              0x14
   31 00000000         
   32 00000000         
   33 00000000 00000080 
                       MaskSerial_In1
                               equ              0x80
   34 00000000 00000080 
                       MaskSerial_Dots
                               equ              0x80
   35 00000000 00000010 
                       MaskVprg
                               equ              0x10
   36 00000000 00000008 
                       MaskXlat
                               equ              0x08
   37 00000000 00000004 
                       MaskBlank
                               equ              0x04
   38 00000000 00000020 
                       MaskSclk
                               equ              0x20
   39 00000000 00000002 
                       MaskDsprg
                               equ              0x02
   40 00000000 00000001 
                       MaskGsclk
                               equ              0x01
   41 00000000         
   42 00000000         
   43 00000000 E000ED08 
                       SCB_VTOR
                               EQU              0xE000ED08
   44 00000000 40012C10 
                       TIM1_SR EQU              0x40012c10
   45 00000000 40012C24 
                       TIM1_CNT
                               EQU              0x40012c24
   46 00000000 4000082C 
                       TIM4_ARR
                               EQU              0x4000082C
   47 00000000 40000810 
                       TIM4_SR EQU              0x40000810
   48 00000000         
   49 00000000         
   50 00000000         
   51 00000000         
   52 00000000         
   53 00000000                 END
   20 00000000         
   21 00000000         
   22 00000000         ;*******************************************************
                       *****************
   23 00000000         ;      IMPORT/EXPORT Système
   24 00000000         ;*******************************************************



ARM Macro Assembler    Page 3 


                       *****************
   25 00000000         
   26 00000000                 IMPORT           ||Lib$$Request$$armlib|| [CODE,
WEAK]
   27 00000000         
   28 00000000         
   29 00000000         ; IMPORT/EXPORT de procédure           
   30 00000000         
   31 00000000                 IMPORT           Barette1
   32 00000000                 IMPORT           Barette2
   33 00000000         ;IMPORT DriverReg
   34 00000000         ;IMPORT DriverGlobal
   35 00000000                 IMPORT           DriverPile
   36 00000000         
   37 00000000                 IMPORT           Tempo
   38 00000000                 IMPORT           Init_Cible
   39 00000000         
   40 00000000                 EXPORT           main
   41 00000000         
   42 00000000         ;*******************************************************
                       ************************
   43 00000000         
   44 00000000         
   45 00000000         ;*******************************************************
                       ************************
   46 00000000                 AREA             mesdonnees, data, readwrite
   47 00000000         
   48 00000000 40010808 
                       PORTAINPUT
                               EQU              0x40010808  ; Pour accéder au c
                                                            apteur
   49 00000000 00000032 
                       M       EQU              50          ; M clignotements a
                                                            vant de s'arrêter
   50 00000000         
   51 00000000         
   52 00000000         ;*******************************************************
                       ************************
   53 00000000         
   54 00000000                 AREA             moncode, code, readonly
   55 00000000         
   56 00000000         ;*******************************************************
                       ************************
   57 00000000         ; Procédure principale et point d'entrée du projet
   58 00000000         ;*******************************************************
                       ************************
   59 00000000         main    PROC
   60 00000000         
   61 00000000 F04F 0001       MOV              R0,#1
   62 00000004 F7FF FFFE       BL               Init_Cible  ;  ;Initialisation 
                                                            de la roue
   63 00000008         
   64 00000008 F04F 0132       MOV              R1, #M      ; R1 = M
   65 0000000C         
   66 0000000C         
   67 0000000C         DebutBoucleCligno
   68 0000000C 4A0F            LDR              R2, = PORTAINPUT
   69 0000000E 8812            LDRH             R2, [R2]
   70 00000010 F402 7280       AND              R2, #0x100  ; Lire le capteur a



ARM Macro Assembler    Page 4 


                                                            vec masque
   71 00000014         
   72 00000014         
   73 00000014 F5B2 7F80       CMP              R2, #0x100
   74 00000018 D116            BNE              inf         ; Si capteur = 1, s
                                                            top 
   75 0000001A 2900            CMP              R1, #0
   76 0000001C D014            BEQ              inf         ; Apres M clignotem
                                                            ents, stop 
   77 0000001E         
   78 0000001E 480C            LDR              R0, = Barette1
   79 00000020 B401            PUSH             {R0}
   80 00000022 F7FF FFFE       BL               DriverPile
   81 00000026 B001            ADD              SP, #4      ; Jeu 1
   82 00000028         
   83 00000028 F04F 0064       MOV              R0, #100
   84 0000002C F7FF FFFE       BL               Tempo       ; Attendre R0 ms 
   85 00000030         
   86 00000030 4808            LDR              R0, = Barette2
   87 00000032 B401            PUSH             {R0}
   88 00000034 F7FF FFFE       BL               DriverPile
   89 00000038 B001            ADD              SP, #4      ; Jeu 2
   90 0000003A         
   91 0000003A F04F 0064       MOV              R0, #100
   92 0000003E F7FF FFFE       BL               Tempo       ; Attendre R0 ms 
   93 00000042         
   94 00000042 F1A1 0101       SUB              R1, #1
   95 00000046 E7E1            B                DebutBoucleCligno
   96 00000048         
   97 00000048 E7FE    inf     B                inf
   98 0000004A                 ENDP
   99 0000004A         
  100 0000004A                 END
              00 00 40010808 
              00000000 
              00000000 
Command Line: --debug --xref --diag_suppress=9931 --cpu=Cortex-M3 --apcs=interw
ork --depend=.\objects\principale.d -o.\objects\principale.o -I.\RTE\Device\STM
32F107VC -I.\RTE\_R_el -IC:\Programdata\Keil\Arm\Packs\ARM\CMSIS\5.7.0\CMSIS\Co
re\Include -IC:\Programdata\Keil\Arm\Packs\Keil\STM32F1xx_DFP\2.3.0\Device\Incl
ude --predefine="__EVAL SETA 1" --predefine="__MICROLIB SETA 1" --predefine="__
UVISION_VERSION SETA 534" --predefine="_RTE_ SETA 1" --predefine="STM32F10X_CL 
SETA 1" --predefine="_RTE_ SETA 1" --predefine="STM32F10X_CL SETA 1" --list=.\l
istings\principale.lst Principale.asm



ARM Macro Assembler    Page 1 Alphabetic symbol ordering
Relocatable symbols

mesdonnees 00000000

Symbol: mesdonnees
   Definitions
      At line 46 in file Principale.asm
   Uses
      None
Comment: mesdonnees unused
1 symbol



ARM Macro Assembler    Page 1 Alphabetic symbol ordering
Relocatable symbols

DebutBoucleCligno 0000000C

Symbol: DebutBoucleCligno
   Definitions
      At line 67 in file Principale.asm
   Uses
      At line 95 in file Principale.asm
Comment: DebutBoucleCligno used once
inf 00000048

Symbol: inf
   Definitions
      At line 97 in file Principale.asm
   Uses
      At line 74 in file Principale.asm
      At line 76 in file Principale.asm
      At line 97 in file Principale.asm

main 00000000

Symbol: main
   Definitions
      At line 59 in file Principale.asm
   Uses
      At line 40 in file Principale.asm
Comment: main used once
moncode 00000000

Symbol: moncode
   Definitions
      At line 54 in file Principale.asm
   Uses
      None
Comment: moncode unused
4 symbols



ARM Macro Assembler    Page 1 Alphabetic symbol ordering
Absolute symbols

GPIOBASEA 40010800

Symbol: GPIOBASEA
   Definitions
      At line 24 in file REG_UTILES.inc
   Uses
      None
Comment: GPIOBASEA unused
GPIOBASEB 40010C00

Symbol: GPIOBASEB
   Definitions
      At line 25 in file REG_UTILES.inc
   Uses
      None
Comment: GPIOBASEB unused
M 00000032

Symbol: M
   Definitions
      At line 49 in file Principale.asm
   Uses
      At line 64 in file Principale.asm
Comment: M used once
MaskBlank 00000004

Symbol: MaskBlank
   Definitions
      At line 37 in file REG_UTILES.inc
   Uses
      None
Comment: MaskBlank unused
MaskDsprg 00000002

Symbol: MaskDsprg
   Definitions
      At line 39 in file REG_UTILES.inc
   Uses
      None
Comment: MaskDsprg unused
MaskGsclk 00000001

Symbol: MaskGsclk
   Definitions
      At line 40 in file REG_UTILES.inc
   Uses
      None
Comment: MaskGsclk unused
MaskSclk 00000020

Symbol: MaskSclk
   Definitions
      At line 38 in file REG_UTILES.inc
   Uses
      None
Comment: MaskSclk unused
MaskSerial_Dots 00000080

Symbol: MaskSerial_Dots



ARM Macro Assembler    Page 2 Alphabetic symbol ordering
Absolute symbols

   Definitions
      At line 34 in file REG_UTILES.inc
   Uses
      None
Comment: MaskSerial_Dots unused
MaskSerial_In1 00000080

Symbol: MaskSerial_In1
   Definitions
      At line 33 in file REG_UTILES.inc
   Uses
      None
Comment: MaskSerial_In1 unused
MaskVprg 00000010

Symbol: MaskVprg
   Definitions
      At line 35 in file REG_UTILES.inc
   Uses
      None
Comment: MaskVprg unused
MaskXlat 00000008

Symbol: MaskXlat
   Definitions
      At line 36 in file REG_UTILES.inc
   Uses
      None
Comment: MaskXlat unused
OffsetInput 00000008

Symbol: OffsetInput
   Definitions
      At line 27 in file REG_UTILES.inc
   Uses
      None
Comment: OffsetInput unused
OffsetOutput 0000000C

Symbol: OffsetOutput
   Definitions
      At line 28 in file REG_UTILES.inc
   Uses
      None
Comment: OffsetOutput unused
OffsetReset 00000014

Symbol: OffsetReset
   Definitions
      At line 30 in file REG_UTILES.inc
   Uses
      None
Comment: OffsetReset unused
OffsetSet 00000010

Symbol: OffsetSet
   Definitions
      At line 29 in file REG_UTILES.inc
   Uses



ARM Macro Assembler    Page 3 Alphabetic symbol ordering
Absolute symbols

      None
Comment: OffsetSet unused
PORTAINPUT 40010808

Symbol: PORTAINPUT
   Definitions
      At line 48 in file Principale.asm
   Uses
      At line 68 in file Principale.asm
Comment: PORTAINPUT used once
SCB_VTOR E000ED08

Symbol: SCB_VTOR
   Definitions
      At line 43 in file REG_UTILES.inc
   Uses
      None
Comment: SCB_VTOR unused
TIM1_CNT 40012C24

Symbol: TIM1_CNT
   Definitions
      At line 45 in file REG_UTILES.inc
   Uses
      None
Comment: TIM1_CNT unused
TIM1_SR 40012C10

Symbol: TIM1_SR
   Definitions
      At line 44 in file REG_UTILES.inc
   Uses
      None
Comment: TIM1_SR unused
TIM4_ARR 4000082C

Symbol: TIM4_ARR
   Definitions
      At line 46 in file REG_UTILES.inc
   Uses
      None
Comment: TIM4_ARR unused
TIM4_SR 40000810

Symbol: TIM4_SR
   Definitions
      At line 47 in file REG_UTILES.inc
   Uses
      None
Comment: TIM4_SR unused
21 symbols



ARM Macro Assembler    Page 1 Alphabetic symbol ordering
External symbols

Barette1 00000000

Symbol: Barette1
   Definitions
      At line 31 in file Principale.asm
   Uses
      At line 78 in file Principale.asm
Comment: Barette1 used once
Barette2 00000000

Symbol: Barette2
   Definitions
      At line 32 in file Principale.asm
   Uses
      At line 86 in file Principale.asm
Comment: Barette2 used once
DriverPile 00000000

Symbol: DriverPile
   Definitions
      At line 35 in file Principale.asm
   Uses
      At line 80 in file Principale.asm
      At line 88 in file Principale.asm

Init_Cible 00000000

Symbol: Init_Cible
   Definitions
      At line 38 in file Principale.asm
   Uses
      At line 62 in file Principale.asm
Comment: Init_Cible used once
Tempo 00000000

Symbol: Tempo
   Definitions
      At line 37 in file Principale.asm
   Uses
      At line 84 in file Principale.asm
      At line 92 in file Principale.asm

|Lib$$Request$$armlib| 00000000

Symbol: |Lib$$Request$$armlib|
   Definitions
      At line 26 in file Principale.asm
   Uses
      None
Comment: |Lib$$Request$$armlib| unused
6 symbols
369 symbols in table
